Commit at 2024-11-04 11:16:35: Improve model evaluation metrics
Commit at 2024-11-06 15:23:55: Enhance visualization tools
Commit at 2024-11-12 15:02:42: Improve error handling and logging
Commit at 2024-11-12 13:14:40: Improve model evaluation metrics
Commit at 2024-11-13 12:47:34: Optimize memory usage in training loop
Commit at 2024-11-14 17:34:18: Clean up code and remove deprecated functions
Commit at 2024-11-14 15:04:38: Improve error handling and logging
Commit at 2024-11-15 09:12:19: Update README with more detailed instructions
Commit at 2024-11-20 09:51:59: Implement new feature requested by users
Commit at 2024-11-20 13:11:53: Update documentation and examples
Commit at 2024-11-20 16:51:45: Optimize database queries
Commit at 2024-11-22 18:04:28: Clean up code and remove deprecated functions
Commit at 2024-11-22 17:11:48: Update dependencies to latest versions
Commit at 2024-11-22 09:52:56: Update dependencies to latest versions
Commit at 2024-11-22 18:09:40: Improve error handling and logging
Commit at 2024-11-28 18:49:50: Update README with more detailed instructions
Commit at 2024-12-02 16:19:25: Fix minor bug in data processing
Commit at 2024-12-02 13:28:00: Update documentation and examples
Commit at 2024-12-02 17:33:55: Implement new feature requested by users
Commit at 2024-12-04 18:49:07: Improve error handling and logging
Commit at 2024-12-05 09:33:41: Improve model evaluation metrics
Commit at 2024-12-06 11:38:45: Optimize memory usage in training loop
Commit at 2024-12-10 13:25:05: Optimize database queries
Commit at 2024-12-10 16:15:07: Fix minor bug in data processing
Commit at 2024-12-10 17:45:48: Optimize memory usage in training loop
Commit at 2024-12-12 17:09:25: Improve model evaluation metrics
Commit at 2024-12-12 13:15:46: Improve model evaluation metrics
Commit at 2024-12-12 17:19:45: Update README with more detailed instructions
Commit at 2024-12-16 09:06:14: Update documentation and examples
Commit at 2024-12-16 17:52:48: Implement new feature requested by users
Commit at 2024-12-17 17:13:43: Add unit tests for new features
Commit at 2024-12-18 15:29:21: Add unit tests for new features
Commit at 2024-12-18 14:54:18: Implement new feature requested by users
Commit at 2024-12-19 16:54:54: Update documentation and examples
Commit at 2024-12-24 16:08:42: Update README with more detailed instructions
Commit at 2024-12-26 17:15:40: Enhance visualization tools
Commit at 2024-12-26 09:52:45: Update documentation and examples
Commit at 2024-12-27 14:39:19: Add unit tests for new features
Commit at 2024-12-27 18:59:00: Add support for new data formats
Commit at 2024-12-30 14:18:39: Implement new feature requested by users
Commit at 2024-12-30 15:48:49: Clean up code and remove deprecated functions
Commit at 2025-01-07 18:44:08: Fix minor bug in data processing
Commit at 2025-01-09 16:13:39: Implement new feature requested by users
Commit at 2025-01-09 14:03:11: Optimize memory usage in training loop
Commit at 2025-01-10 12:56:00: Refactor core logic for better performance
Commit at 2025-01-10 16:29:03: Update dependencies to latest versions
Commit at 2025-01-10 10:53:14: Improve model evaluation metrics
Commit at 2025-01-13 12:06:23: Clean up code and remove deprecated functions
Commit at 2025-01-16 15:30:46: Refactor core logic for better performance
Commit at 2025-01-16 18:35:09: Optimize memory usage in training loop
Commit at 2025-01-16 15:53:01: Enhance visualization tools
Commit at 2025-01-16 12:57:26: Implement new feature requested by users
Commit at 2025-01-16 13:29:29: Improve model evaluation metrics
Commit at 2025-01-17 10:44:11: Improve error handling and logging
Commit at 2025-01-17 14:34:34: Add support for new data formats
Commit at 2025-01-17 12:23:29: Improve model evaluation metrics
Commit at 2025-01-22 10:38:47: Clean up code and remove deprecated functions
Commit at 2025-01-23 16:13:19: Improve error handling and logging
Commit at 2025-01-23 13:23:28: Enhance visualization tools
Commit at 2025-01-24 10:59:29: Improve error handling and logging
Commit at 2025-01-27 09:37:25: Refactor core logic for better performance
